0 info it worked if it ends with ok
1 verbose cli [ '/usr/local/bin/node',
1 verbose cli   '/usr/local/bin/npm',
1 verbose cli   'install',
1 verbose cli   '-g',
1 verbose cli   'coffee-script' ]
2 info using npm@2.15.5
3 info using node@v4.4.5
4 verbose install initial load of /usr/local/lib/package.json
5 verbose readDependencies loading dependencies from /usr/local/lib/package.json
6 silly cache add args [ 'coffee-script', null ]
7 verbose cache add spec coffee-script
8 silly cache add parsed spec Result {
8 silly cache add   raw: 'coffee-script',
8 silly cache add   scope: null,
8 silly cache add   name: 'coffee-script',
8 silly cache add   rawSpec: '',
8 silly cache add   spec: 'latest',
8 silly cache add   type: 'tag' }
9 silly addNamed coffee-script@latest
10 verbose addNamed "latest" is being treated as a dist-tag for coffee-script
11 info addNameTag [ 'coffee-script', 'latest' ]
12 silly mapToRegistry name coffee-script
13 silly mapToRegistry using default registry
14 silly mapToRegistry registry https://registry.npmjs.org/
15 silly mapToRegistry data Result {
15 silly mapToRegistry   raw: 'coffee-script',
15 silly mapToRegistry   scope: null,
15 silly mapToRegistry   name: 'coffee-script',
15 silly mapToRegistry   rawSpec: '',
15 silly mapToRegistry   spec: 'latest',
15 silly mapToRegistry   type: 'tag' }
16 silly mapToRegistry uri https://registry.npmjs.org/coffee-script
17 verbose addNameTag registry:https://registry.npmjs.org/coffee-script not in flight; fetching
18 verbose request uri https://registry.npmjs.org/coffee-script
19 verbose request no auth needed
20 info attempt registry request try #1 at 3:55:51 PM
21 verbose request id f8efac4d02361bd0
22 http request GET https://registry.npmjs.org/coffee-script
23 http 200 https://registry.npmjs.org/coffee-script
24 verbose headers { server: 'CouchDB/1.5.0 (Erlang OTP/R16B03)',
24 verbose headers   etag: '"81XJFVYTO7PI6Q2JS94HBX6WU"',
24 verbose headers   'content-type': 'application/json',
24 verbose headers   'content-encoding': 'gzip',
24 verbose headers   'cache-control': 'max-age=300',
24 verbose headers   'content-length': '7293',
24 verbose headers   'accept-ranges': 'bytes',
24 verbose headers   date: 'Mon, 04 Jul 2016 22:55:51 GMT',
24 verbose headers   via: '1.1 varnish',
24 verbose headers   age: '256',
24 verbose headers   connection: 'keep-alive',
24 verbose headers   'x-served-by': 'cache-sea1925-SEA',
24 verbose headers   'x-cache': 'HIT',
24 verbose headers   'x-cache-hits': '4',
24 verbose headers   'x-timer': 'S1467672951.491850,VS0,VE0',
24 verbose headers   vary: 'Accept-Encoding' }
25 silly get cb [ 200,
25 silly get   { server: 'CouchDB/1.5.0 (Erlang OTP/R16B03)',
25 silly get     etag: '"81XJFVYTO7PI6Q2JS94HBX6WU"',
25 silly get     'content-type': 'application/json',
25 silly get     'content-encoding': 'gzip',
25 silly get     'cache-control': 'max-age=300',
25 silly get     'content-length': '7293',
25 silly get     'accept-ranges': 'bytes',
25 silly get     date: 'Mon, 04 Jul 2016 22:55:51 GMT',
25 silly get     via: '1.1 varnish',
25 silly get     age: '256',
25 silly get     connection: 'keep-alive',
25 silly get     'x-served-by': 'cache-sea1925-SEA',
25 silly get     'x-cache': 'HIT',
25 silly get     'x-cache-hits': '4',
25 silly get     'x-timer': 'S1467672951.491850,VS0,VE0',
25 silly get     vary: 'Accept-Encoding' } ]
26 verbose get saving coffee-script to /Users/Kots/.npm/registry.npmjs.org/coffee-script/.cache.json
27 verbose correctMkdir /Users/Kots/.npm correctMkdir not in flight; initializing
28 verbose makeDirectory /Users/Kots/.npm creation not in flight; initializing
29 silly makeDirectory /Users/Kots/.npm uid: 501 gid: 20
30 silly addNameTag next cb for coffee-script with tag latest
31 silly addNamed coffee-script@1.10.0
32 verbose addNamed "1.10.0" is a plain semver version for coffee-script
33 silly mapToRegistry name coffee-script
34 silly mapToRegistry using default registry
35 silly mapToRegistry registry https://registry.npmjs.org/
36 silly mapToRegistry data Result {
36 silly mapToRegistry   raw: 'coffee-script',
36 silly mapToRegistry   scope: null,
36 silly mapToRegistry   name: 'coffee-script',
36 silly mapToRegistry   rawSpec: '',
36 silly mapToRegistry   spec: 'latest',
36 silly mapToRegistry   type: 'tag' }
37 silly mapToRegistry uri https://registry.npmjs.org/coffee-script
38 verbose addRemoteTarball https://registry.npmjs.org/coffee-script/-/coffee-script-1.10.0.tgz not in flight; adding
39 verbose addRemoteTarball [ 'https://registry.npmjs.org/coffee-script/-/coffee-script-1.10.0.tgz',
39 verbose addRemoteTarball   '12938bcf9be1948fa006f92e0c4c9e81705108c0' ]
40 info retry fetch attempt 1 at 3:55:51 PM
41 info attempt registry request try #1 at 3:55:51 PM
42 http fetch GET https://registry.npmjs.org/coffee-script/-/coffee-script-1.10.0.tgz
43 http fetch 200 https://registry.npmjs.org/coffee-script/-/coffee-script-1.10.0.tgz
44 silly fetchAndShaCheck shasum 12938bcf9be1948fa006f92e0c4c9e81705108c0
45 verbose addTmpTarball /var/folders/7x/qmzbc4855ks_3z_l1nggm47m0000gn/T/npm-47085-0009a845/registry.npmjs.org/coffee-script/-/coffee-script-1.10.0.tgz not in flight; adding
46 verbose addTmpTarball already have metadata; skipping unpack for coffee-script@1.10.0
47 verbose correctMkdir /Users/Kots/.npm correctMkdir not in flight; initializing
48 silly cache afterAdd coffee-script@1.10.0
49 verbose afterAdd /Users/Kots/.npm/coffee-script/1.10.0/package/package.json not in flight; writing
50 verbose correctMkdir /Users/Kots/.npm correctMkdir not in flight; initializing
51 verbose afterAdd /Users/Kots/.npm/coffee-script/1.10.0/package/package.json written
52 silly install resolved [ { name: 'coffee-script',
52 silly install resolved     description: 'Unfancy JavaScript',
52 silly install resolved     keywords: [ 'javascript', 'language', 'coffeescript', 'compiler' ],
52 silly install resolved     author: { name: 'Jeremy Ashkenas' },
52 silly install resolved     version: '1.10.0',
52 silly install resolved     license: 'MIT',
52 silly install resolved     engines: { node: '>=0.8.0' },
52 silly install resolved     directories: { lib: './lib/coffee-script' },
52 silly install resolved     main: './lib/coffee-script/coffee-script',
52 silly install resolved     bin: { coffee: './bin/coffee', cake: './bin/cake' },
52 silly install resolved     preferGlobal: true,
52 silly install resolved     scripts:
52 silly install resolved      { test: 'node ./bin/cake test',
52 silly install resolved        'test-harmony': 'node --harmony ./bin/cake test' },
52 silly install resolved     homepage: 'http://coffeescript.org',
52 silly install resolved     bugs: { url: 'https://github.com/jashkenas/coffeescript/issues' },
52 silly install resolved     repository:
52 silly install resolved      { type: 'git',
52 silly install resolved        url: 'git://github.com/jashkenas/coffeescript.git' },
52 silly install resolved     devDependencies:
52 silly install resolved      { 'uglify-js': '~2.2',
52 silly install resolved        jison: '>=0.2.0',
52 silly install resolved        'highlight.js': '~8.0.0',
52 silly install resolved        underscore: '~1.5.2',
52 silly install resolved        docco: '~0.7.0' },
52 silly install resolved     gitHead: 'f26d33d418dcdcfcc6ad3ab774d9cabbf7af659c',
52 silly install resolved     _id: 'coffee-script@1.10.0',
52 silly install resolved     _shasum: '12938bcf9be1948fa006f92e0c4c9e81705108c0',
52 silly install resolved     _from: 'coffee-script@latest',
52 silly install resolved     _npmVersion: '1.4.28',
52 silly install resolved     _npmUser: { name: 'jashkenas', email: 'jashkenas@gmail.com' },
52 silly install resolved     maintainers: [ [Object], [Object] ],
52 silly install resolved     dist:
52 silly install resolved      { shasum: '12938bcf9be1948fa006f92e0c4c9e81705108c0',
52 silly install resolved        tarball: 'https://registry.npmjs.org/coffee-script/-/coffee-script-1.10.0.tgz' },
52 silly install resolved     _resolved: 'https://registry.npmjs.org/coffee-script/-/coffee-script-1.10.0.tgz' } ]
53 info install coffee-script@1.10.0 into /usr/local/lib
54 info installOne coffee-script@1.10.0
55 verbose installOne of coffee-script to /usr/local/lib not in flight; installing
56 verbose correctMkdir /Users/Kots/.npm/_locks correctMkdir not in flight; initializing
57 verbose makeDirectory /Users/Kots/.npm/_locks creation not in flight; initializing
58 silly makeDirectory /Users/Kots/.npm/_locks uid: 501 gid: 20
59 verbose lock using /Users/Kots/.npm/_locks/coffee-script-7b01d0c2a8e2b5ed.lock for /usr/local/lib/node_modules/coffee-script
60 silly install write writing coffee-script 1.10.0 to /usr/local/lib/node_modules/coffee-script
61 verbose unbuild lib/node_modules/coffee-script
62 silly gentlyRm /usr/local/lib/node_modules/coffee-script is being purged from base /usr/local
63 verbose gentlyRm don't care about contents; nuking /usr/local/lib/node_modules/coffee-script
64 verbose tar unpack /Users/Kots/.npm/coffee-script/1.10.0/package.tgz
65 verbose tar unpacking to /usr/local/lib/node_modules/coffee-script
66 silly gentlyRm /usr/local/lib/node_modules/coffee-script is being purged
67 verbose gentlyRm don't care about contents; nuking /usr/local/lib/node_modules/coffee-script
68 silly gunzTarPerm modes [ '755', '644' ]
69 error tar.unpack untar error /Users/Kots/.npm/coffee-script/1.10.0/package.tgz
70 verbose unlock done using /Users/Kots/.npm/_locks/coffee-script-7b01d0c2a8e2b5ed.lock for /usr/local/lib/node_modules/coffee-script
71 verbose fstream_path /usr/local/lib/node_modules/coffee-script
72 verbose fstream_type Directory
73 verbose fstream_class DirWriter
74 verbose stack Error: EACCES: permission denied, mkdir '/usr/local/lib/node_modules/coffee-script'
74 verbose stack     at Error (native)
75 verbose fstream_stack /usr/local/lib/node_modules/npm/node_modules/fstream/lib/dir-writer.js:35:25
75 verbose fstream_stack /usr/local/lib/node_modules/npm/node_modules/mkdirp/index.js:47:53
75 verbose fstream_stack FSReqWrap.oncomplete (fs.js:82:15)
76 verbose cwd /Users/Kots/codecore/jukebox 4
77 error Darwin 15.5.0
78 error argv "/usr/local/bin/node" "/usr/local/bin/npm" "install" "-g" "coffee-script"
79 error node v4.4.5
80 error npm  v2.15.5
81 error path /usr/local/lib/node_modules/coffee-script
82 error code EACCES
83 error errno -13
84 error syscall mkdir
85 error Error: EACCES: permission denied, mkdir '/usr/local/lib/node_modules/coffee-script'
85 error     at Error (native)
85 error  { [Error: EACCES: permission denied, mkdir '/usr/local/lib/node_modules/coffee-script']
85 error   errno: -13,
85 error   code: 'EACCES',
85 error   syscall: 'mkdir',
85 error   path: '/usr/local/lib/node_modules/coffee-script',
85 error   fstream_type: 'Directory',
85 error   fstream_path: '/usr/local/lib/node_modules/coffee-script',
85 error   fstream_class: 'DirWriter',
85 error   fstream_stack:
85 error    [ '/usr/local/lib/node_modules/npm/node_modules/fstream/lib/dir-writer.js:35:25',
85 error      '/usr/local/lib/node_modules/npm/node_modules/mkdirp/index.js:47:53',
85 error      'FSReqWrap.oncomplete (fs.js:82:15)' ] }
86 error Please try running this command again as root/Administrator.
87 verbose exit [ -13, true ]
88 verbose unbuild lib/node_modules/coffee-script
89 silly gentlyRm /usr/local/lib/node_modules/coffee-script is being purged from base /usr/local
90 verbose gentlyRm don't care about contents; nuking /usr/local/lib/node_modules/coffee-script
